{"/home/marcelo/Projects/WebApps/shapes-and-math/js/shapes-and-math/path.js": {"path":"/home/marcelo/Projects/WebApps/shapes-and-math/js/shapes-and-math/path.js","statementMap":{"0":{"start":{"line":7,"column":18},"end":{"line":14,"column":1}},"1":{"start":{"line":9,"column":2},"end":{"line":9,"column":22}},"2":{"start":{"line":10,"column":2},"end":{"line":10,"column":23}},"3":{"start":{"line":11,"column":2},"end":{"line":11,"column":25}},"4":{"start":{"line":12,"column":2},"end":{"line":12,"column":30}},"5":{"start":{"line":13,"column":2},"end":{"line":13,"column":19}},"6":{"start":{"line":17,"column":26},"end":{"line":31,"column":1}},"7":{"start":{"line":19,"column":12},"end":{"line":19,"column":14}},"8":{"start":{"line":22,"column":2},"end":{"line":28,"column":3}},"9":{"start":{"line":23,"column":12},"end":{"line":23,"column":59}},"10":{"start":{"line":24,"column":12},"end":{"line":24,"column":60}},"11":{"start":{"line":26,"column":4},"end":{"line":26,"column":17}},"12":{"start":{"line":27,"column":4},"end":{"line":27,"column":18}},"13":{"start":{"line":30,"column":2},"end":{"line":30,"column":15}},"14":{"start":{"line":34,"column":27},"end":{"line":49,"column":1}},"15":{"start":{"line":40,"column":2},"end":{"line":48,"column":3}},"16":{"start":{"line":41,"column":4},"end":{"line":41,"column":18}},"17":{"start":{"line":42,"column":4},"end":{"line":42,"column":23}},"18":{"start":{"line":43,"column":4},"end":{"line":43,"column":15}},"19":{"start":{"line":44,"column":4},"end":{"line":44,"column":15}},"20":{"start":{"line":45,"column":4},"end":{"line":45,"column":17}},"21":{"start":{"line":46,"column":4},"end":{"line":46,"column":17}},"22":{"start":{"line":47,"column":4},"end":{"line":47,"column":44}},"23":{"start":{"line":51,"column":13},"end":{"line":55,"column":1}},"24":{"start":{"line":52,"column":20},"end":{"line":52,"column":33}},"25":{"start":{"line":53,"column":17},"end":{"line":53,"column":50}},"26":{"start":{"line":54,"column":2},"end":{"line":54,"column":68}},"27":{"start":{"line":58,"column":24},"end":{"line":68,"column":1}},"28":{"start":{"line":60,"column":28},"end":{"line":60,"column":41}},"29":{"start":{"line":61,"column":2},"end":{"line":61,"column":34}},"30":{"start":{"line":61,"column":27},"end":{"line":61,"column":34}},"31":{"start":{"line":64,"column":2},"end":{"line":64,"column":55}},"32":{"start":{"line":67,"column":2},"end":{"line":67,"column":9}},"33":{"start":{"line":71,"column":0},"end":{"line":76,"column":3}},"34":{"start":{"line":72,"column":21},"end":{"line":72,"column":55}},"35":{"start":{"line":73,"column":2},"end":{"line":75,"column":3}},"36":{"start":{"line":74,"column":4},"end":{"line":74,"column":51}}},"fnMap":{"0":{"name":"(anonymous_0)","decl":{"start":{"line":7,"column":18},"end":{"line":7,"column":19}},"loc":{"start":{"line":7,"column":52},"end":{"line":14,"column":1}},"line":7},"1":{"name":"(anonymous_1)","decl":{"start":{"line":17,"column":26},"end":{"line":17,"column":27}},"loc":{"start":{"line":17,"column":48},"end":{"line":31,"column":1}},"line":17},"2":{"name":"(anonymous_2)","decl":{"start":{"line":34,"column":27},"end":{"line":34,"column":28}},"loc":{"start":{"line":34,"column":53},"end":{"line":49,"column":1}},"line":34},"3":{"name":"(anonymous_3)","decl":{"start":{"line":51,"column":13},"end":{"line":51,"column":14}},"loc":{"start":{"line":51,"column":19},"end":{"line":55,"column":1}},"line":51},"4":{"name":"(anonymous_4)","decl":{"start":{"line":58,"column":24},"end":{"line":58,"column":25}},"loc":{"start":{"line":58,"column":30},"end":{"line":68,"column":1}},"line":58},"5":{"name":"(anonymous_5)","decl":{"start":{"line":71,"column":46},"end":{"line":71,"column":47}},"loc":{"start":{"line":71,"column":52},"end":{"line":76,"column":1}},"line":71}},"branchMap":{"0":{"loc":{"start":{"line":61,"column":2},"end":{"line":61,"column":34}},"type":"if","locations":[{"start":{"line":61,"column":2},"end":{"line":61,"column":34}},{"start":{},"end":{}}],"line":61},"1":{"loc":{"start":{"line":61,"column":6},"end":{"line":61,"column":25}},"type":"binary-expr","locations":[{"start":{"line":61,"column":6},"end":{"line":61,"column":13}},{"start":{"line":61,"column":17},"end":{"line":61,"column":25}}],"line":61},"2":{"loc":{"start":{"line":73,"column":2},"end":{"line":75,"column":3}},"type":"if","locations":[{"start":{"line":73,"column":2},"end":{"line":75,"column":3}},{"start":{},"end":{}}],"line":73}},"s":{"0":1,"1":1,"2":1,"3":1,"4":1,"5":1,"6":1,"7":2,"8":2,"9":10,"10":10,"11":10,"12":10,"13":2,"14":1,"15":3,"16":1,"17":1,"18":1,"19":1,"20":1,"21":1,"22":1,"23":1,"24":0,"25":0,"26":0,"27":1,"28":0,"29":0,"30":0,"31":0,"32":0,"33":1,"34":0,"35":0,"36":0},"f":{"0":1,"1":2,"2":3,"3":0,"4":0,"5":0},"b":{"0":[0,0],"1":[0,0],"2":[0,0]},"inputSourceMap":null,"_coverageSchema":"1a1c01bbd47fc00a2c39e90264f33305004495a9","hash":"d3b91d82dbefe4c5a9e7436568d13f9cc346deaa"}
}
